2017-09-02 11:57:19,864 - DEBUG - [EV_FACTORY] Importing module Evaluation.toy_problem_python_ev
2017-09-02 11:57:19,886 - DEBUG - [EV_FACTORY] Evaluation function doesn't exists. Aborting program. Error Msg: No module named 'Evaluation'
2017-09-02 11:59:43,679 - DEBUG - [EV_FACTORY] Importing module Clone_1.Evaluation.toy_problem_python_ev
2017-09-02 11:59:43,685 - DEBUG - [EV_FACTORY] Evaluation function doesn't exists. Aborting program. Error Msg: No module named 'Clone_1.Evaluation.toy_problem_python_ev'
2017-09-02 11:59:59,969 - DEBUG - [EV_FACTORY] Importing module Clone_1.Evaluation.toy_problem_python_ev
2017-09-02 11:59:59,971 - DEBUG - [EV_FACTORY] Evaluation function doesn't exists. Aborting program. Error Msg: No module named 'Clone_1.Evaluation.toy_problem_python_ev'
2017-09-02 12:06:00,559 - DEBUG - [EV_FACTORY] Importing module Evaluation.toy_problem
2017-09-02 12:06:00,562 - DEBUG - [EV_FACTORY] Evaluation function doesn't exists. Aborting program. Error Msg: No module named 'Evaluation'
2017-09-02 12:06:54,357 - DEBUG - [EV_FACTORY] Importing module Clone_1.Evaluation.toy_problem
2017-09-02 12:07:52,576 - DEBUG - [EV_FACTORY] Importing module Clone_1.Evaluation.toy_problem
2017-09-02 12:07:52,579 - DEBUG - [PREEV_MANAGER] Importing module Preevaluation.default
2017-09-02 12:07:52,581 - DEBUG - [PREEV_MANAGER] Preevaluation function doesn't exists. Aborting program...
2017-09-02 12:08:50,449 - DEBUG - [EV_FACTORY] Importing module Clone_1.Evaluation.toy_problem
2017-09-02 12:08:50,452 - DEBUG - [PREEV_MANAGER] Importing module Clone_1.Preevaluation.default
2017-09-02 12:09:06,554 - DEBUG - [EV_FACTORY] Importing module Clone_1.Evaluation.toy_problem
2017-09-02 12:09:06,557 - DEBUG - [PREEV_MANAGER] Importing module Clone_1.Preevaluation.default
2017-09-02 12:09:06,559 - DEBUG - [EV_FACTORY] Importing module Clone_1.Evaluation.toy_problem
2017-09-02 12:09:06,560 - INFO - Running MLC from generation 30 to 3
2017-09-02 12:09:06,560 - INFO - MLC Simulation Finished
2017-09-02 12:09:28,897 - DEBUG - [EV_FACTORY] Importing module Clone_1.Evaluation.toy_problem
2017-09-02 12:09:28,900 - DEBUG - [PREEV_MANAGER] Importing module Clone_1.Preevaluation.default
2017-09-02 12:09:28,902 - DEBUG - [EV_FACTORY] Importing module Clone_1.Evaluation.toy_problem
2017-09-02 12:09:28,903 - INFO - Running MLC from generation 30 to 3
2017-09-02 12:09:28,903 - INFO - MLC Simulation Finished
